0 info it worked if it ends with ok
1 verbose cli [ 'C:\\Program Files (x86)\\nodejs\\\\node.exe',
1 verbose cli   'C:\\Program Files (x86)\\nodejs\\node_modules\\npm\\bin\\npm-cli.js',
1 verbose cli   'publish' ]
2 info using npm@1.4.28
3 info using node@v0.10.35
4 verbose node symlink C:\Program Files (x86)\nodejs\\node.exe
5 verbose publish [ '.' ]
6 verbose cache add [ '.', null ]
7 verbose cache add name=undefined spec="." args=[".",null]
8 verbose parsed url { protocol: null,
8 verbose parsed url   slashes: null,
8 verbose parsed url   auth: null,
8 verbose parsed url   host: null,
8 verbose parsed url   port: null,
8 verbose parsed url   hostname: null,
8 verbose parsed url   hash: null,
8 verbose parsed url   search: null,
8 verbose parsed url   query: null,
8 verbose parsed url   pathname: '.',
8 verbose parsed url   path: '.',
8 verbose parsed url   href: '.' }
9 silly lockFile 3a52ce78- .
10 verbose lock . C:\Users\Administrator\AppData\Roaming\npm-cache\3a52ce78-.lock
11 verbose tar pack [ 'C:\\Users\\Administrator\\AppData\\Roaming\\npm-cache\\pc-info\\0.0.1\\package.tgz',
11 verbose tar pack   '.' ]
12 verbose tarball C:\Users\Administrator\AppData\Roaming\npm-cache\pc-info\0.0.1\package.tgz
13 verbose folder .
14 info prepublish pc-info@0.0.1
15 silly lockFile 1f1177db-tar tar://.
16 verbose lock tar://. C:\Users\Administrator\AppData\Roaming\npm-cache\1f1177db-tar.lock
17 silly lockFile 28694c94--cache-pc-info-0-0-1-package-tgz tar://C:\Users\Administrator\AppData\Roaming\npm-cache\pc-info\0.0.1\package.tgz
18 verbose lock tar://C:\Users\Administrator\AppData\Roaming\npm-cache\pc-info\0.0.1\package.tgz C:\Users\Administrator\AppData\Roaming\npm-cache\28694c94--cache-pc-info-0-0-1-package-tgz.lock
19 silly lockFile 1f1177db-tar tar://.
20 silly lockFile 1f1177db-tar tar://.
21 silly lockFile 28694c94--cache-pc-info-0-0-1-package-tgz tar://C:\Users\Administrator\AppData\Roaming\npm-cache\pc-info\0.0.1\package.tgz
22 silly lockFile 28694c94--cache-pc-info-0-0-1-package-tgz tar://C:\Users\Administrator\AppData\Roaming\npm-cache\pc-info\0.0.1\package.tgz
23 silly lockFile 965d1b5a--npm-cache-pc-info-0-0-1-package C:\Users\Administrator\AppData\Roaming\npm-cache\pc-info\0.0.1\package
24 verbose lock C:\Users\Administrator\AppData\Roaming\npm-cache\pc-info\0.0.1\package C:\Users\Administrator\AppData\Roaming\npm-cache\965d1b5a--npm-cache-pc-info-0-0-1-package.lock
25 silly lockFile 965d1b5a--npm-cache-pc-info-0-0-1-package C:\Users\Administrator\AppData\Roaming\npm-cache\pc-info\0.0.1\package
26 silly lockFile 965d1b5a--npm-cache-pc-info-0-0-1-package C:\Users\Administrator\AppData\Roaming\npm-cache\pc-info\0.0.1\package
27 silly lockFile 3a52ce78- .
28 silly lockFile 3a52ce78- .
29 silly publish { name: 'pc-info',
29 silly publish   version: '0.0.1',
29 silly publish   description: 'Get general information regarding computer status such as memory utilization, hardd drive space, number of core, etc',
29 silly publish   main: './lib/index.js',
29 silly publish   scripts: { test: 'echo "Error: no test specified" && exit 1' },
29 silly publish   keywords: [ 'hard drive', 'pc', 'memory', 'free space' ],
29 silly publish   repository: { type: 'git', url: 'https://github.com/pirumpi/pc-info.git' },
29 silly publish   author: { name: 'Carlos Martin' },
29 silly publish   license: 'MIT',
29 silly publish   dependencies: { get: '^1.4.0', promise: '^6.1.0' },
29 silly publish   readme: 'pc-info\r\n=======\r\n\r\nAn application that provides specific information about a computer.\r\n\r\nInformation Available\r\n----------------------\r\n\r\n- Memory\r\n- CPU\r\n- Hostname\r\n- Uptime\r\n- NetworkInterfaces\r\n- Temporary Directory\r\n- **Public IP**\r\n- **Drives**\r\n- **Users**\r\n\r\n',
29 silly publish   readmeFilename: 'README.md',
29 silly publish   gitHead: '951695ca6606f8fe9c473db7822d45ecf7868162',
29 silly publish   bugs: { url: 'https://github.com/pirumpi/pc-info/issues' },
29 silly publish   homepage: 'https://github.com/pirumpi/pc-info',
29 silly publish   _id: 'pc-info@0.0.1',
29 silly publish   _shasum: '4b9829fe50bd1658ed58e35ab8230b21838b0a8d',
29 silly publish   _from: '.' }
30 error need auth auth and email required for publishing
30 error need auth You need to authorize this machine using `npm adduser`
31 error System Windows_NT 6.2.9200
32 error command "C:\\Program Files (x86)\\nodejs\\\\node.exe" "C:\\Program Files (x86)\\nodejs\\node_modules\\npm\\bin\\npm-cli.js" "publish"
33 error cwd C:\Apps\pc-info
34 error node -v v0.10.35
35 error npm -v 1.4.28
36 error code ENEEDAUTH
37 verbose exit [ 1, true ]
